<?xml version="1.0" encoding="UTF-8"?>
<coverage generated="1776856044568" clover="3.2.0">
  <project timestamp="1776856044569" name="All files">
    <metrics statements="253" coveredstatements="186" conditionals="186" coveredconditionals="120" methods="48" coveredmethods="43" elements="487" coveredelements="349" complexity="0" loc="253" ncloc="253" packages="1" files="3" classes="3"/>
    <file name="client.ts" path="C:\Users\DELL\Projects\remembr\sdk\typescript\src\client.ts">
      <metrics statements="153" coveredstatements="96" conditionals="129" coveredconditionals="73" methods="31" coveredmethods="26"/>
      <line num="1" count="2" type="stmt"/>
      <line num="2" count="2" type="stmt"/>
      <line num="23" count="2" type="stmt"/>
      <line num="44" count="10" type="stmt"/>
      <line num="45" count="10" type="stmt"/>
      <line num="49" count="1" type="stmt"/>
      <line num="50" count="1" type="cond" truecount="0" falsecount="1"/>
      <line num="51" count="0" type="stmt"/>
      <line num="53" count="1" type="stmt"/>
      <line num="59" count="1" type="stmt"/>
      <line num="63" count="0" type="stmt"/>
      <line num="64" count="0" type="stmt"/>
      <line num="68" count="1" type="stmt"/>
      <line num="69" count="1" type="cond" truecount="1" falsecount="0"/>
      <line num="70" count="1" type="stmt"/>
      <line num="72" count="1" type="cond" truecount="2" falsecount="1"/>
      <line num="73" count="0" type="stmt"/>
      <line num="75" count="1" type="stmt"/>
      <line num="81" count="1" type="stmt"/>
      <line num="82" count="1" type="stmt"/>
      <line num="86" count="1" type="stmt"/>
      <line num="87" count="1" type="stmt"/>
      <line num="91" count="1" type="stmt"/>
      <line num="92" count="1" type="cond" truecount="0" falsecount="1"/>
      <line num="93" count="0" type="stmt"/>
      <line num="95" count="1" type="stmt"/>
      <line num="101" count="1" type="stmt"/>
      <line num="102" count="1" type="stmt"/>
      <line num="107" count="2" type="stmt"/>
      <line num="112" count="11" type="cond" truecount="2" falsecount="0"/>
      <line num="113" count="11" type="cond" truecount="1" falsecount="0"/>
      <line num="114" count="1" type="stmt"/>
      <line num="119" count="10" type="stmt"/>
      <line num="120" count="10" type="stmt"/>
      <line num="132" count="3" type="stmt"/>
      <line num="136" count="1" type="stmt"/>
      <line num="144" count="3" type="stmt"/>
      <line num="146" count="3" type="stmt"/>
      <line num="147" count="2" type="stmt"/>
      <line num="149" count="2" type="cond" truecount="3" falsecount="0"/>
      <line num="150" count="1" type="stmt"/>
      <line num="153" count="1" type="stmt"/>
      <line num="169" count="3" type="cond" truecount="2" falsecount="0"/>
      <line num="170" count="3" type="cond" truecount="2" falsecount="0"/>
      <line num="171" count="3" type="stmt"/>
      <line num="173" count="1" type="stmt"/>
      <line num="177" count="1" type="cond" truecount="1" falsecount="1"/>
      <line num="178" count="1" type="cond" truecount="1" falsecount="1"/>
      <line num="179" count="1" type="cond" truecount="1" falsecount="1"/>
      <line num="181" count="1" type="stmt"/>
      <line num="182" count="1" type="cond" truecount="2" falsecount="0"/>
      <line num="184" count="1" type="stmt"/>
      <line num="185" count="1" type="stmt"/>
      <line num="201" count="2" type="stmt"/>
      <line num="202" count="2" type="cond" truecount="2" falsecount="0"/>
      <line num="203" count="2" type="stmt"/>
      <line num="205" count="2" type="cond" truecount="1" falsecount="0"/>
      <line num="206" count="1" type="stmt"/>
      <line num="209" count="2" type="stmt"/>
      <line num="220" count="2" type="stmt"/>
      <line num="236" count="5" type="stmt"/>
      <line num="238" count="5" type="cond" truecount="3" falsecount="0"/>
      <line num="239" count="5" type="cond" truecount="1" falsecount="0"/>
      <line num="240" count="1" type="stmt"/>
      <line num="243" count="4" type="cond" truecount="2" falsecount="0"/>
      <line num="244" count="4" type="cond" truecount="1" falsecount="0"/>
      <line num="245" count="1" type="stmt"/>
      <line num="248" count="3" type="cond" truecount="1" falsecount="0"/>
      <line num="249" count="1" type="stmt"/>
      <line num="252" count="3" type="cond" truecount="4" falsecount="0"/>
      <line num="253" count="1" type="stmt"/>
      <line num="256" count="2" type="stmt"/>
      <line num="257" count="0" type="cond" truecount="0" falsecount="2"/>
      <line num="258" count="0" type="cond" truecount="0" falsecount="1"/>
      <line num="259" count="0" type="stmt"/>
      <line num="262" count="2" type="stmt"/>
      <line num="276" count="2" type="stmt"/>
      <line num="287" count="2" type="stmt"/>
      <line num="289" count="2" type="cond" truecount="2" falsecount="0"/>
      <line num="290" count="2" type="cond" truecount="1" falsecount="0"/>
      <line num="291" count="1" type="stmt"/>
      <line num="294" count="1" type="stmt"/>
      <line num="298" count="1" type="cond" truecount="1" falsecount="1"/>
      <line num="306" count="1" type="stmt"/>
      <line num="307" count="1" type="stmt"/>
      <line num="316" count="1" type="stmt"/>
      <line num="317" count="1" type="stmt"/>
      <line num="319" count="1" type="stmt"/>
      <line num="329" count="1" type="stmt"/>
      <line num="331" count="1" type="stmt"/>
      <line num="332" count="1" type="cond" truecount="1" falsecount="1"/>
      <line num="340" count="1" type="stmt"/>
      <line num="341" count="1" type="stmt"/>
      <line num="349" count="1" type="stmt"/>
      <line num="350" count="1" type="stmt"/>
      <line num="358" count="1" type="stmt"/>
      <line num="359" count="1" type="stmt"/>
      <line num="381" count="0" type="cond" truecount="0" falsecount="2"/>
      <line num="382" count="0" type="stmt"/>
      <line num="384" count="0" type="stmt"/>
      <line num="388" count="0" type="cond" truecount="0" falsecount="1"/>
      <line num="389" count="0" type="stmt"/>
      <line num="392" count="0" type="stmt"/>
      <line num="393" count="0" type="cond" truecount="0" falsecount="2"/>
      <line num="395" count="0" type="cond" truecount="0" falsecount="1"/>
      <line num="396" count="0" type="stmt"/>
      <line num="397" count="0" type="cond" truecount="0" falsecount="1"/>
      <line num="398" count="0" type="stmt"/>
      <line num="400" count="0" type="stmt"/>
      <line num="404" count="0" type="stmt"/>
      <line num="408" count="0" type="stmt"/>
      <line num="409" count="0" type="cond" truecount="0" falsecount="2"/>
      <line num="410" count="0" type="cond" truecount="0" falsecount="1"/>
      <line num="411" count="0" type="cond" truecount="0" falsecount="1"/>
      <line num="412" count="0" type="cond" truecount="0" falsecount="1"/>
      <line num="413" count="0" type="cond" truecount="0" falsecount="1"/>
      <line num="414" count="0" type="stmt"/>
      <line num="421" count="0" type="stmt"/>
      <line num="422" count="0" type="cond" truecount="0" falsecount="3"/>
      <line num="423" count="0" type="stmt"/>
      <line num="426" count="0" type="stmt"/>
      <line num="427" count="0" type="stmt"/>
      <line num="428" count="0" type="stmt"/>
      <line num="429" count="0" type="stmt"/>
      <line num="430" count="0" type="stmt"/>
      <line num="431" count="0" type="stmt"/>
      <line num="433" count="0" type="stmt"/>
      <line num="434" count="0" type="stmt"/>
      <line num="435" count="0" type="stmt"/>
      <line num="436" count="0" type="cond" truecount="0" falsecount="1"/>
      <line num="438" count="0" type="stmt"/>
      <line num="439" count="0" type="stmt"/>
      <line num="440" count="0" type="cond" truecount="0" falsecount="1"/>
      <line num="441" count="0" type="cond" truecount="0" falsecount="3"/>
      <line num="442" count="0" type="cond" truecount="0" falsecount="1"/>
      <line num="443" count="0" type="cond" truecount="0" falsecount="1"/>
      <line num="444" count="0" type="cond" truecount="0" falsecount="2"/>
      <line num="445" count="0" type="cond" truecount="0" falsecount="1"/>
      <line num="447" count="0" type="stmt"/>
      <line num="449" count="0" type="cond" truecount="0" falsecount="3"/>
      <line num="450" count="0" type="stmt"/>
      <line num="451" count="0" type="cond" truecount="0" falsecount="1"/>
      <line num="452" count="0" type="stmt"/>
      <line num="454" count="0" type="stmt"/>
      <line num="459" count="0" type="stmt"/>
      <line num="464" count="1" type="stmt"/>
      <line num="465" count="1" type="stmt"/>
      <line num="469" count="30" type="cond" truecount="2" falsecount="1"/>
      <line num="470" count="0" type="stmt"/>
      <line num="475" count="3" type="cond" truecount="1" falsecount="0"/>
      <line num="476" count="1" type="stmt"/>
      <line num="478" count="2" type="cond" truecount="1" falsecount="0"/>
      <line num="479" count="1" type="stmt"/>
    </file>
    <file name="errors.ts" path="C:\Users\DELL\Projects\remembr\sdk\typescript\src\errors.ts">
      <metrics statements="19" coveredstatements="19" conditionals="5" coveredconditionals="2" methods="5" coveredmethods="5"/>
      <line num="1" count="2" type="stmt"/>
      <line num="16" count="24" type="stmt"/>
      <line num="17" count="24" type="stmt"/>
      <line num="18" count="24" type="stmt"/>
      <line num="19" count="24" type="stmt"/>
      <line num="20" count="24" type="stmt"/>
      <line num="21" count="24" type="stmt"/>
      <line num="25" count="2" type="stmt"/>
      <line num="27" count="4" type="stmt"/>
      <line num="28" count="4" type="stmt"/>
      <line num="32" count="2" type="stmt"/>
      <line num="34" count="2" type="stmt"/>
      <line num="35" count="2" type="stmt"/>
      <line num="39" count="2" type="stmt"/>
      <line num="41" count="8" type="stmt"/>
      <line num="42" count="8" type="stmt"/>
      <line num="46" count="2" type="stmt"/>
      <line num="48" count="9" type="stmt"/>
      <line num="49" count="9" type="stmt"/>
    </file>
    <file name="http.ts" path="C:\Users\DELL\Projects\remembr\sdk\typescript\src\http.ts">
      <metrics statements="81" coveredstatements="71" conditionals="52" coveredconditionals="45" methods="12" coveredmethods="12"/>
      <line num="1" count="2" type="stmt"/>
      <line num="10" count="2" type="stmt"/>
      <line num="11" count="2" type="stmt"/>
      <line num="12" count="2" type="stmt"/>
      <line num="14" count="2" type="stmt"/>
      <line num="20" count="18" type="stmt"/>
      <line num="21" count="18" type="cond" truecount="2" falsecount="0"/>
      <line num="22" count="18" type="cond" truecount="2" falsecount="0"/>
      <line num="36" count="33" type="stmt"/>
      <line num="37" count="48" type="stmt"/>
      <line num="38" count="48" type="stmt"/>
      <line num="40" count="44" type="cond" truecount="4" falsecount="0"/>
      <line num="41" count="15" type="stmt"/>
      <line num="42" count="15" type="cond" truecount="1" falsecount="0"/>
      <line num="43" count="12" type="stmt"/>
      <line num="44" count="12" type="stmt"/>
      <line num="46" count="3" type="stmt"/>
      <line num="49" count="29" type="cond" truecount="1" falsecount="0"/>
      <line num="50" count="6" type="stmt"/>
      <line num="53" count="23" type="stmt"/>
      <line num="54" count="23" type="cond" truecount="4" falsecount="0"/>
      <line num="55" count="23" type="stmt"/>
      <line num="57" count="0" type="stmt"/>
      <line num="59" count="13" type="stmt"/>
      <line num="61" count="13" type="cond" truecount="3" falsecount="0"/>
      <line num="62" count="4" type="cond" truecount="1" falsecount="0"/>
      <line num="63" count="3" type="stmt"/>
      <line num="64" count="3" type="stmt"/>
      <line num="67" count="1" type="cond" truecount="1" falsecount="0"/>
      <line num="68" count="1" type="stmt"/>
      <line num="70" count="0" type="stmt"/>
      <line num="73" count="9" type="cond" truecount="1" falsecount="0"/>
      <line num="74" count="9" type="stmt"/>
      <line num="77" count="0" type="cond" truecount="0" falsecount="1"/>
      <line num="78" count="0" type="stmt"/>
      <line num="83" count="0" type="cond" truecount="0" falsecount="1"/>
      <line num="84" count="0" type="stmt"/>
      <line num="86" count="0" type="stmt"/>
      <line num="98" count="48" type="stmt"/>
      <line num="99" count="48" type="stmt"/>
      <line num="101" count="48" type="stmt"/>
      <line num="102" count="48" type="stmt"/>
      <line num="107" count="48" type="cond" truecount="1" falsecount="0"/>
      <line num="108" count="48" type="stmt"/>
      <line num="111" count="48" type="stmt"/>
      <line num="118" count="48" type="stmt"/>
      <line num="123" count="48" type="cond" truecount="1" falsecount="1"/>
      <line num="124" count="48" type="cond" truecount="1" falsecount="0"/>
      <line num="125" count="3" type="stmt"/>
      <line num="126" count="4" type="cond" truecount="3" falsecount="0"/>
      <line num="127" count="4" type="stmt"/>
      <line num="131" count="48" type="stmt"/>
      <line num="135" count="23" type="stmt"/>
      <line num="136" count="23" type="stmt"/>
      <line num="138" count="0" type="stmt"/>
      <line num="145" count="21" type="stmt"/>
      <line num="150" count="21" type="stmt"/>
      <line num="151" count="21" type="stmt"/>
      <line num="152" count="21" type="stmt"/>
      <line num="153" count="21" type="cond" truecount="3" falsecount="0"/>
      <line num="154" count="21" type="cond" truecount="1" falsecount="0"/>
      <line num="155" count="21" type="stmt"/>
      <line num="157" count="21" type="cond" truecount="1" falsecount="0"/>
      <line num="158" count="8" type="stmt"/>
      <line num="160" count="21" type="cond" truecount="1" falsecount="2"/>
      <line num="161" count="0" type="stmt"/>
      <line num="163" count="21" type="cond" truecount="0" falsecount="1"/>
      <line num="164" count="0" type="stmt"/>
      <line num="171" count="21" type="stmt"/>
      <line num="173" count="21" type="cond" truecount="3" falsecount="0"/>
      <line num="174" count="3" type="stmt"/>
      <line num="176" count="18" type="cond" truecount="1" falsecount="0"/>
      <line num="177" count="2" type="stmt"/>
      <line num="179" count="16" type="cond" truecount="1" falsecount="0"/>
      <line num="180" count="8" type="stmt"/>
      <line num="182" count="8" type="cond" truecount="3" falsecount="0"/>
      <line num="183" count="7" type="stmt"/>
      <line num="185" count="1" type="stmt"/>
      <line num="189" count="15" type="stmt"/>
      <line num="193" count="15" type="stmt"/>
      <line num="197" count="14" type="cond" truecount="2" falsecount="0"/>
    </file>
  </project>
</coverage>
