{"C:\\Users\\DELL\\Projects\\remembr\\sdk\\typescript\\src\\client.ts": {"path":"C:\\Users\\DELL\\Projects\\remembr\\sdk\\typescript\\src\\client.ts","statementMap":{"0":{"start":{"line":1,"column":0},"end":{"line":1,"column":60}},"1":{"start":{"line":2,"column":0},"end":{"line":2,"column":37}},"2":{"start":{"line":23,"column":27},"end":{"line":23,"column":69}},"3":{"start":{"line":44,"column":21},"end":{"line":44,"column":38}},"4":{"start":{"line":45,"column":21},"end":{"line":45,"column":80}},"5":{"start":{"line":49,"column":4},"end":{"line":49,"column":44}},"6":{"start":{"line":50,"column":4},"end":{"line":52,"column":5}},"7":{"start":{"line":51,"column":6},"end":{"line":51,"column":50}},"8":{"start":{"line":53,"column":4},"end":{"line":55,"column":7}},"9":{"start":{"line":59,"column":4},"end":{"line":59,"column":60}},"10":{"start":{"line":63,"column":4},"end":{"line":63,"column":49}},"11":{"start":{"line":64,"column":4},"end":{"line":64,"column":71}},"12":{"start":{"line":68,"column":4},"end":{"line":68,"column":49}},"13":{"start":{"line":69,"column":4},"end":{"line":71,"column":5}},"14":{"start":{"line":70,"column":6},"end":{"line":70,"column":46}},"15":{"start":{"line":72,"column":4},"end":{"line":74,"column":5}},"16":{"start":{"line":73,"column":6},"end":{"line":73,"column":50}},"17":{"start":{"line":75,"column":4},"end":{"line":77,"column":7}},"18":{"start":{"line":81,"column":4},"end":{"line":81,"column":49}},"19":{"start":{"line":82,"column":4},"end":{"line":82,"column":107}},"20":{"start":{"line":86,"column":4},"end":{"line":86,"column":49}},"21":{"start":{"line":87,"column":4},"end":{"line":87,"column":92}},"22":{"start":{"line":91,"column":4},"end":{"line":91,"column":49}},"23":{"start":{"line":92,"column":4},"end":{"line":94,"column":5}},"24":{"start":{"line":93,"column":6},"end":{"line":93,"column":54}},"25":{"start":{"line":95,"column":4},"end":{"line":97,"column":7}},"26":{"start":{"line":101,"column":4},"end":{"line":101,"column":49}},"27":{"start":{"line":102,"column":4},"end":{"line":102,"column":93}},"28":{"start":{"line":112,"column":19},"end":{"line":112,"column":59}},"29":{"start":{"line":113,"column":4},"end":{"line":117,"column":5}},"30":{"start":{"line":114,"column":6},"end":{"line":116,"column":8}},"31":{"start":{"line":119,"column":4},"end":{"line":119,"column":55}},"32":{"start":{"line":120,"column":4},"end":{"line":120,"column":79}},"33":{"start":{"line":132,"column":17},"end":{"line":135,"column":6}},"34":{"start":{"line":136,"column":4},"end":{"line":136,"column":16}},"35":{"start":{"line":144,"column":4},"end":{"line":144,"column":49}},"36":{"start":{"line":146,"column":17},"end":{"line":146,"column":98}},"37":{"start":{"line":147,"column":20},"end":{"line":147,"column":71}},"38":{"start":{"line":149,"column":4},"end":{"line":151,"column":5}},"39":{"start":{"line":150,"column":6},"end":{"line":150,"column":80}},"40":{"start":{"line":153,"column":4},"end":{"line":159,"column":6}},"41":{"start":{"line":169,"column":18},"end":{"line":169,"column":36}},"42":{"start":{"line":170,"column":19},"end":{"line":170,"column":37}},"43":{"start":{"line":171,"column":4},"end":{"line":171,"column":43}},"44":{"start":{"line":173,"column":17},"end":{"line":175,"column":6}},"45":{"start":{"line":177,"column":21},"end":{"line":177,"column":70}},"46":{"start":{"line":178,"column":22},"end":{"line":178,"column":51}},"47":{"start":{"line":179,"column":18},"end":{"line":179,"column":43}},"48":{"start":{"line":181,"column":4},"end":{"line":192,"column":9}},"49":{"start":{"line":182,"column":27},"end":{"line":182,"column":74}},"50":{"start":{"line":184,"column":18},"end":{"line":184,"column":52}},"51":{"start":{"line":185,"column":8},"end":{"line":191,"column":10}},"52":{"start":{"line":201,"column":4},"end":{"line":201,"column":52}},"53":{"start":{"line":202,"column":17},"end":{"line":202,"column":38}},"54":{"start":{"line":203,"column":4},"end":{"line":203,"column":39}},"55":{"start":{"line":205,"column":4},"end":{"line":207,"column":5}},"56":{"start":{"line":206,"column":6},"end":{"line":206,"column":58}},"57":{"start":{"line":209,"column":17},"end":{"line":218,"column":6}},"58":{"start":{"line":220,"column":4},"end":{"line":228,"column":6}},"59":{"start":{"line":236,"column":4},"end":{"line":236,"column":48}},"60":{"start":{"line":238,"column":23},"end":{"line":238,"column":67}},"61":{"start":{"line":239,"column":4},"end":{"line":241,"column":5}},"62":{"start":{"line":240,"column":6},"end":{"line":240,"column":78}},"63":{"start":{"line":243,"column":18},"end":{"line":243,"column":36}},"64":{"start":{"line":244,"column":4},"end":{"line":246,"column":5}},"65":{"start":{"line":245,"column":6},"end":{"line":245,"column":54}},"66":{"start":{"line":248,"column":4},"end":{"line":250,"column":5}},"67":{"start":{"line":249,"column":6},"end":{"line":249,"column":58}},"68":{"start":{"line":252,"column":4},"end":{"line":254,"column":5}},"69":{"start":{"line":253,"column":6},"end":{"line":253,"column":71}},"70":{"start":{"line":256,"column":23},"end":{"line":260,"column":6}},"71":{"start":{"line":257,"column":42},"end":{"line":257,"column":76}},"72":{"start":{"line":258,"column":6},"end":{"line":258,"column":55}},"73":{"start":{"line":258,"column":34},"end":{"line":258,"column":55}},"74":{"start":{"line":259,"column":6},"end":{"line":259,"column":17}},"75":{"start":{"line":262,"column":17},"end":{"line":274,"column":6}},"76":{"start":{"line":276,"column":4},"end":{"line":276,"column":16}},"77":{"start":{"line":287,"column":4},"end":{"line":287,"column":49}},"78":{"start":{"line":289,"column":18},"end":{"line":289,"column":36}},"79":{"start":{"line":290,"column":4},"end":{"line":292,"column":5}},"80":{"start":{"line":291,"column":6},"end":{"line":291,"column":54}},"81":{"start":{"line":294,"column":17},"end":{"line":296,"column":6}},"82":{"start":{"line":298,"column":4},"end":{"line":298,"column":76}},"83":{"start":{"line":306,"column":4},"end":{"line":306,"column":49}},"84":{"start":{"line":307,"column":4},"end":{"line":307,"column":90}},"85":{"start":{"line":316,"column":4},"end":{"line":316,"column":49}},"86":{"start":{"line":317,"column":4},"end":{"line":317,"column":55}},"87":{"start":{"line":319,"column":4},"end":{"line":321,"column":7}},"88":{"start":{"line":329,"column":4},"end":{"line":329,"column":49}},"89":{"start":{"line":331,"column":17},"end":{"line":331,"column":110}},"90":{"start":{"line":332,"column":4},"end":{"line":332,"column":89}},"91":{"start":{"line":340,"column":4},"end":{"line":340,"column":49}},"92":{"start":{"line":341,"column":4},"end":{"line":341,"column":86}},"93":{"start":{"line":349,"column":4},"end":{"line":349,"column":49}},"94":{"start":{"line":350,"column":4},"end":{"line":350,"column":94}},"95":{"start":{"line":358,"column":4},"end":{"line":358,"column":43}},"96":{"start":{"line":359,"column":4},"end":{"line":359,"column":85}},"97":{"start":{"line":381,"column":19},"end":{"line":381,"column":42}},"98":{"start":{"line":382,"column":16},"end":{"line":382,"column":43}},"99":{"start":{"line":384,"column":44},"end":{"line":387,"column":6}},"100":{"start":{"line":388,"column":4},"end":{"line":390,"column":5}},"101":{"start":{"line":389,"column":6},"end":{"line":389,"column":62}},"102":{"start":{"line":392,"column":20},"end":{"line":392,"column":40}},"103":{"start":{"line":393,"column":20},"end":{"line":393,"column":72}},"104":{"start":{"line":395,"column":4},"end":{"line":401,"column":5}},"105":{"start":{"line":396,"column":23},"end":{"line":396,"column":71}},"106":{"start":{"line":397,"column":6},"end":{"line":399,"column":7}},"107":{"start":{"line":398,"column":8},"end":{"line":398,"column":78}},"108":{"start":{"line":400,"column":6},"end":{"line":400,"column":29}},"109":{"start":{"line":404,"column":4},"end":{"line":404,"column":51}},"110":{"start":{"line":408,"column":15},"end":{"line":408,"column":36}},"111":{"start":{"line":409,"column":4},"end":{"line":409,"column":46}},"112":{"start":{"line":410,"column":4},"end":{"line":410,"column":76}},"113":{"start":{"line":410,"column":25},"end":{"line":410,"column":76}},"114":{"start":{"line":411,"column":4},"end":{"line":411,"column":70}},"115":{"start":{"line":411,"column":23},"end":{"line":411,"column":70}},"116":{"start":{"line":412,"column":4},"end":{"line":412,"column":65}},"117":{"start":{"line":412,"column":26},"end":{"line":412,"column":65}},"118":{"start":{"line":413,"column":4},"end":{"line":413,"column":65}},"119":{"start":{"line":413,"column":31},"end":{"line":413,"column":65}},"120":{"start":{"line":414,"column":4},"end":{"line":414,"column":38}},"121":{"start":{"line":421,"column":21},"end":{"line":421,"column":65}},"122":{"start":{"line":422,"column":4},"end":{"line":424,"column":5}},"123":{"start":{"line":423,"column":6},"end":{"line":423,"column":76}},"124":{"start":{"line":426,"column":19},"end":{"line":426,"column":44}},"125":{"start":{"line":427,"column":20},"end":{"line":427,"column":37}},"126":{"start":{"line":428,"column":14},"end":{"line":428,"column":16}},"127":{"start":{"line":429,"column":16},"end":{"line":429,"column":17}},"128":{"start":{"line":430,"column":16},"end":{"line":430,"column":21}},"129":{"start":{"line":431,"column":21},"end":{"line":431,"column":26}},"130":{"start":{"line":433,"column":4},"end":{"line":460,"column":5}},"131":{"start":{"line":434,"column":6},"end":{"line":457,"column":7}},"132":{"start":{"line":435,"column":32},"end":{"line":435,"column":51}},"133":{"start":{"line":436,"column":8},"end":{"line":436,"column":24}},"134":{"start":{"line":436,"column":18},"end":{"line":436,"column":24}},"135":{"start":{"line":438,"column":22},"end":{"line":438,"column":61}},"136":{"start":{"line":439,"column":8},"end":{"line":456,"column":9}},"137":{"start":{"line":440,"column":10},"end":{"line":440,"column":70}},"138":{"start":{"line":440,"column":28},"end":{"line":440,"column":38}},"139":{"start":{"line":440,"column":39},"end":{"line":440,"column":58}},"140":{"start":{"line":440,"column":59},"end":{"line":440,"column":68}},"141":{"start":{"line":441,"column":10},"end":{"line":441,"column":79}},"142":{"start":{"line":441,"column":38},"end":{"line":441,"column":48}},"143":{"start":{"line":441,"column":49},"end":{"line":441,"column":67}},"144":{"start":{"line":441,"column":68},"end":{"line":441,"column":77}},"145":{"start":{"line":442,"column":10},"end":{"line":442,"column":41}},"146":{"start":{"line":442,"column":26},"end":{"line":442,"column":41}},"147":{"start":{"line":443,"column":10},"end":{"line":446,"column":11}},"148":{"start":{"line":444,"column":12},"end":{"line":445,"column":44}},"149":{"start":{"line":444,"column":28},"end":{"line":444,"column":39}},"150":{"start":{"line":445,"column":17},"end":{"line":445,"column":44}},"151":{"start":{"line":445,"column":33},"end":{"line":445,"column":44}},"152":{"start":{"line":447,"column":10},"end":{"line":447,"column":20}},"153":{"start":{"line":449,"column":10},"end":{"line":455,"column":11}},"154":{"start":{"line":450,"column":27},"end":{"line":450,"column":62}},"155":{"start":{"line":451,"column":12},"end":{"line":453,"column":13}},"156":{"start":{"line":452,"column":14},"end":{"line":452,"column":95}},"157":{"start":{"line":452,"column":20},"end":{"line":452,"column":72}},"158":{"start":{"line":454,"column":12},"end":{"line":454,"column":21}},"159":{"start":{"line":459,"column":6},"end":{"line":459,"column":27}},"160":{"start":{"line":464,"column":26},"end":{"line":464,"column":107}},"161":{"start":{"line":465,"column":4},"end":{"line":465,"column":46}},"162":{"start":{"line":469,"column":4},"end":{"line":471,"column":5}},"163":{"start":{"line":470,"column":6},"end":{"line":470,"column":81}},"164":{"start":{"line":475,"column":4},"end":{"line":477,"column":5}},"165":{"start":{"line":476,"column":6},"end":{"line":476,"column":54}},"166":{"start":{"line":478,"column":4},"end":{"line":480,"column":5}},"167":{"start":{"line":479,"column":6},"end":{"line":479,"column":67}},"168":{"start":{"line":107,"column":0},"end":{"line":107,"column":13}}},"fnMap":{"0":{"name":"(anonymous_0)","decl":{"start":{"line":43,"column":2},"end":{"line":43,"column":null}},"loc":{"start":{"line":45,"column":80},"end":{"line":46,"column":6}}},"1":{"name":"(anonymous_1)","decl":{"start":{"line":48,"column":2},"end":{"line":48,"column":7}},"loc":{"start":{"line":48,"column":42},"end":{"line":56,"column":3}}},"2":{"name":"(anonymous_2)","decl":{"start":{"line":58,"column":2},"end":{"line":58,"column":7}},"loc":{"start":{"line":58,"column":12},"end":{"line":60,"column":3}}},"3":{"name":"(anonymous_3)","decl":{"start":{"line":62,"column":2},"end":{"line":62,"column":7}},"loc":{"start":{"line":62,"column":29},"end":{"line":65,"column":3}}},"4":{"name":"(anonymous_4)","decl":{"start":{"line":67,"column":2},"end":{"line":67,"column":7}},"loc":{"start":{"line":67,"column":61},"end":{"line":78,"column":3}}},"5":{"name":"(anonymous_5)","decl":{"start":{"line":80,"column":2},"end":{"line":80,"column":7}},"loc":{"start":{"line":80,"column":32},"end":{"line":83,"column":3}}},"6":{"name":"(anonymous_6)","decl":{"start":{"line":85,"column":2},"end":{"line":85,"column":7}},"loc":{"start":{"line":85,"column":38},"end":{"line":88,"column":3}}},"7":{"name":"(anonymous_7)","decl":{"start":{"line":90,"column":2},"end":{"line":90,"column":7}},"loc":{"start":{"line":90,"column":48},"end":{"line":98,"column":3}}},"8":{"name":"(anonymous_8)","decl":{"start":{"line":100,"column":2},"end":{"line":100,"column":7}},"loc":{"start":{"line":100,"column":30},"end":{"line":103,"column":3}}},"9":{"name":"(anonymous_9)","decl":{"start":{"line":111,"column":2},"end":{"line":111,"column":14}},"loc":{"start":{"line":111,"column":40},"end":{"line":121,"column":3}}},"10":{"name":"(anonymous_10)","decl":{"start":{"line":128,"column":2},"end":{"line":128,"column":7}},"loc":{"start":{"line":130,"column":32},"end":{"line":137,"column":3}}},"11":{"name":"(anonymous_11)","decl":{"start":{"line":143,"column":2},"end":{"line":143,"column":7}},"loc":{"start":{"line":143,"column":36},"end":{"line":160,"column":3}}},"12":{"name":"(anonymous_12)","decl":{"start":{"line":168,"column":2},"end":{"line":168,"column":7}},"loc":{"start":{"line":168,"column":52},"end":{"line":193,"column":3}}},"13":{"name":"(anonymous_13)","decl":{"start":{"line":182,"column":14},"end":{"line":182,"column":15}},"loc":{"start":{"line":182,"column":27},"end":{"line":182,"column":74}}},"14":{"name":"(anonymous_14)","decl":{"start":{"line":183,"column":11},"end":{"line":183,"column":12}},"loc":{"start":{"line":183,"column":23},"end":{"line":192,"column":7}}},"15":{"name":"(anonymous_15)","decl":{"start":{"line":200,"column":2},"end":{"line":200,"column":7}},"loc":{"start":{"line":200,"column":69},"end":{"line":229,"column":3}}},"16":{"name":"(anonymous_16)","decl":{"start":{"line":235,"column":2},"end":{"line":235,"column":7}},"loc":{"start":{"line":235,"column":41},"end":{"line":277,"column":3}}},"17":{"name":"(anonymous_17)","decl":{"start":{"line":256,"column":46},"end":{"line":256,"column":47}},"loc":{"start":{"line":256,"column":64},"end":{"line":260,"column":5}}},"18":{"name":"(anonymous_18)","decl":{"start":{"line":286,"column":2},"end":{"line":286,"column":7}},"loc":{"start":{"line":286,"column":76},"end":{"line":299,"column":3}}},"19":{"name":"(anonymous_19)","decl":{"start":{"line":305,"column":2},"end":{"line":305,"column":7}},"loc":{"start":{"line":305,"column":36},"end":{"line":308,"column":3}}},"20":{"name":"(anonymous_20)","decl":{"start":{"line":315,"column":2},"end":{"line":315,"column":7}},"loc":{"start":{"line":315,"column":55},"end":{"line":322,"column":3}}},"21":{"name":"(anonymous_21)","decl":{"start":{"line":328,"column":2},"end":{"line":328,"column":7}},"loc":{"start":{"line":328,"column":41},"end":{"line":333,"column":3}}},"22":{"name":"(anonymous_22)","decl":{"start":{"line":339,"column":2},"end":{"line":339,"column":7}},"loc":{"start":{"line":339,"column":39},"end":{"line":342,"column":3}}},"23":{"name":"(anonymous_23)","decl":{"start":{"line":348,"column":2},"end":{"line":348,"column":7}},"loc":{"start":{"line":348,"column":39},"end":{"line":351,"column":3}}},"24":{"name":"(anonymous_24)","decl":{"start":{"line":357,"column":2},"end":{"line":357,"column":7}},"loc":{"start":{"line":357,"column":33},"end":{"line":360,"column":3}}},"25":{"name":"(anonymous_25)","decl":{"start":{"line":380,"column":2},"end":{"line":380,"column":7}},"loc":{"start":{"line":380,"column":40},"end":{"line":405,"column":3}}},"26":{"name":"(anonymous_26)","decl":{"start":{"line":407,"column":10},"end":{"line":407,"column":24}},"loc":{"start":{"line":407,"column":45},"end":{"line":415,"column":3}}},"27":{"name":"(anonymous_27)","decl":{"start":{"line":417,"column":10},"end":{"line":417,"column":15}},"loc":{"start":{"line":419,"column":35},"end":{"line":461,"column":3}}},"28":{"name":"(anonymous_28)","decl":{"start":{"line":463,"column":10},"end":{"line":463,"column":26}},"loc":{"start":{"line":463,"column":26},"end":{"line":466,"column":3}}},"29":{"name":"(anonymous_29)","decl":{"start":{"line":468,"column":10},"end":{"line":468,"column":25}},"loc":{"start":{"line":468,"column":58},"end":{"line":472,"column":3}}},"30":{"name":"(anonymous_30)","decl":{"start":{"line":474,"column":10},"end":{"line":474,"column":28}},"loc":{"start":{"line":474,"column":58},"end":{"line":481,"column":3}}}},"branchMap":{"0":{"loc":{"start":{"line":50,"column":4},"end":{"line":52,"column":5}},"type":"if","locations":[{"start":{"line":50,"column":4},"end":{"line":52,"column":5}}]},"1":{"loc":{"start":{"line":54,"column":62},"end":{"line":54,"column":83}},"type":"binary-expr","locations":[{"start":{"line":54,"column":62},"end":{"line":54,"column":75}},{"start":{"line":54,"column":79},"end":{"line":54,"column":83}}]},"2":{"loc":{"start":{"line":69,"column":4},"end":{"line":71,"column":5}},"type":"if","locations":[{"start":{"line":69,"column":4},"end":{"line":71,"column":5}}]},"3":{"loc":{"start":{"line":72,"column":4},"end":{"line":74,"column":5}},"type":"if","locations":[{"start":{"line":72,"column":4},"end":{"line":74,"column":5}}]},"4":{"loc":{"start":{"line":72,"column":8},"end":{"line":72,"column":65}},"type":"binary-expr","locations":[{"start":{"line":72,"column":8},"end":{"line":72,"column":35}},{"start":{"line":72,"column":39},"end":{"line":72,"column":65}}]},"5":{"loc":{"start":{"line":90,"column":38},"end":{"line":90,"column":48}},"type":"default-arg","locations":[{"start":{"line":90,"column":46},"end":{"line":90,"column":48}}]},"6":{"loc":{"start":{"line":92,"column":4},"end":{"line":94,"column":5}},"type":"if","locations":[{"start":{"line":92,"column":4},"end":{"line":94,"column":5}}]},"7":{"loc":{"start":{"line":111,"column":14},"end":{"line":111,"column":40}},"type":"default-arg","locations":[{"start":{"line":111,"column":38},"end":{"line":111,"column":40}}]},"8":{"loc":{"start":{"line":112,"column":19},"end":{"line":112,"column":59}},"type":"binary-expr","locations":[{"start":{"line":112,"column":19},"end":{"line":112,"column":32}},{"start":{"line":112,"column":36},"end":{"line":112,"column":59}}]},"9":{"loc":{"start":{"line":113,"column":4},"end":{"line":117,"column":5}},"type":"if","locations":[{"start":{"line":113,"column":4},"end":{"line":117,"column":5}}]},"10":{"loc":{"start":{"line":133,"column":24},"end":{"line":133,"column":38}},"type":"binary-expr","locations":[{"start":{"line":133,"column":24},"end":{"line":133,"column":32}},{"start":{"line":133,"column":36},"end":{"line":133,"column":38}}]},"11":{"loc":{"start":{"line":134,"column":15},"end":{"line":134,"column":98}},"type":"cond-expr","locations":[{"start":{"line":134,"column":41},"end":{"line":134,"column":86}},{"start":{"line":134,"column":89},"end":{"line":134,"column":98}}]},"12":{"loc":{"start":{"line":149,"column":4},"end":{"line":151,"column":5}},"type":"if","locations":[{"start":{"line":149,"column":4},"end":{"line":151,"column":5}}]},"13":{"loc":{"start":{"line":149,"column":8},"end":{"line":149,"column":47}},"type":"binary-expr","locations":[{"start":{"line":149,"column":8},"end":{"line":149,"column":16}},{"start":{"line":149,"column":20},"end":{"line":149,"column":47}}]},"14":{"loc":{"start":{"line":154,"column":25},"end":{"line":154,"column":46}},"type":"binary-expr","locations":[{"start":{"line":154,"column":25},"end":{"line":154,"column":40}},{"start":{"line":154,"column":44},"end":{"line":154,"column":46}}]},"15":{"loc":{"start":{"line":155,"column":25},"end":{"line":155,"column":49}},"type":"binary-expr","locations":[{"start":{"line":155,"column":25},"end":{"line":155,"column":43}},{"start":{"line":155,"column":47},"end":{"line":155,"column":49}}]},"16":{"loc":{"start":{"line":156,"column":21},"end":{"line":156,"column":41}},"type":"binary-expr","locations":[{"start":{"line":156,"column":21},"end":{"line":156,"column":35}},{"start":{"line":156,"column":39},"end":{"line":156,"column":41}}]},"17":{"loc":{"start":{"line":157,"column":25},"end":{"line":157,"column":49}},"type":"binary-expr","locations":[{"start":{"line":157,"column":25},"end":{"line":157,"column":43}},{"start":{"line":157,"column":47},"end":{"line":157,"column":49}}]},"18":{"loc":{"start":{"line":158,"column":17},"end":{"line":158,"column":88}},"type":"binary-expr","locations":[{"start":{"line":158,"column":17},"end":{"line":158,"column":80}},{"start":{"line":158,"column":84},"end":{"line":158,"column":88}}]},"19":{"loc":{"start":{"line":168,"column":21},"end":{"line":168,"column":52}},"type":"default-arg","locations":[{"start":{"line":168,"column":50},"end":{"line":168,"column":52}}]},"20":{"loc":{"start":{"line":169,"column":18},"end":{"line":169,"column":36}},"type":"binary-expr","locations":[{"start":{"line":169,"column":18},"end":{"line":169,"column":30}},{"start":{"line":169,"column":34},"end":{"line":169,"column":36}}]},"21":{"loc":{"start":{"line":170,"column":19},"end":{"line":170,"column":37}},"type":"binary-expr","locations":[{"start":{"line":170,"column":19},"end":{"line":170,"column":32}},{"start":{"line":170,"column":36},"end":{"line":170,"column":37}}]},"22":{"loc":{"start":{"line":177,"column":21},"end":{"line":177,"column":70}},"type":"cond-expr","locations":[{"start":{"line":177,"column":52},"end":{"line":177,"column":65}},{"start":{"line":177,"column":68},"end":{"line":177,"column":70}}]},"23":{"loc":{"start":{"line":178,"column":29},"end":{"line":178,"column":50}},"type":"binary-expr","locations":[{"start":{"line":178,"column":29},"end":{"line":178,"column":44}},{"start":{"line":178,"column":48},"end":{"line":178,"column":50}}]},"24":{"loc":{"start":{"line":179,"column":25},"end":{"line":179,"column":42}},"type":"binary-expr","locations":[{"start":{"line":179,"column":25},"end":{"line":179,"column":36}},{"start":{"line":179,"column":40},"end":{"line":179,"column":42}}]},"25":{"loc":{"start":{"line":182,"column":27},"end":{"line":182,"column":74}},"type":"binary-expr","locations":[{"start":{"line":182,"column":27},"end":{"line":182,"column":54}},{"start":{"line":182,"column":58},"end":{"line":182,"column":74}}]},"26":{"loc":{"start":{"line":187,"column":29},"end":{"line":187,"column":47}},"type":"binary-expr","locations":[{"start":{"line":187,"column":29},"end":{"line":187,"column":41}},{"start":{"line":187,"column":45},"end":{"line":187,"column":47}}]},"27":{"loc":{"start":{"line":189,"column":29},"end":{"line":189,"column":47}},"type":"binary-expr","locations":[{"start":{"line":189,"column":29},"end":{"line":189,"column":41}},{"start":{"line":189,"column":45},"end":{"line":189,"column":47}}]},"28":{"loc":{"start":{"line":190,"column":21},"end":{"line":190,"column":86}},"type":"binary-expr","locations":[{"start":{"line":190,"column":21},"end":{"line":190,"column":78}},{"start":{"line":190,"column":82},"end":{"line":190,"column":86}}]},"29":{"loc":{"start":{"line":202,"column":17},"end":{"line":202,"column":38}},"type":"binary-expr","locations":[{"start":{"line":202,"column":17},"end":{"line":202,"column":28}},{"start":{"line":202,"column":32},"end":{"line":202,"column":38}}]},"30":{"loc":{"start":{"line":205,"column":4},"end":{"line":207,"column":5}},"type":"if","locations":[{"start":{"line":205,"column":4},"end":{"line":207,"column":5}}]},"31":{"loc":{"start":{"line":214,"column":14},"end":{"line":214,"column":31}},"type":"binary-expr","locations":[{"start":{"line":214,"column":14},"end":{"line":214,"column":25}},{"start":{"line":214,"column":29},"end":{"line":214,"column":31}}]},"32":{"loc":{"start":{"line":215,"column":18},"end":{"line":215,"column":39}},"type":"binary-expr","locations":[{"start":{"line":215,"column":18},"end":{"line":215,"column":33}},{"start":{"line":215,"column":37},"end":{"line":215,"column":39}}]},"33":{"loc":{"start":{"line":217,"column":15},"end":{"line":217,"column":98}},"type":"cond-expr","locations":[{"start":{"line":217,"column":41},"end":{"line":217,"column":86}},{"start":{"line":217,"column":89},"end":{"line":217,"column":98}}]},"34":{"loc":{"start":{"line":221,"column":25},"end":{"line":221,"column":46}},"type":"binary-expr","locations":[{"start":{"line":221,"column":25},"end":{"line":221,"column":40}},{"start":{"line":221,"column":44},"end":{"line":221,"column":46}}]},"35":{"loc":{"start":{"line":222,"column":19},"end":{"line":222,"column":72}},"type":"binary-expr","locations":[{"start":{"line":222,"column":19},"end":{"line":222,"column":64}},{"start":{"line":222,"column":68},"end":{"line":222,"column":72}}]},"36":{"loc":{"start":{"line":225,"column":25},"end":{"line":225,"column":46}},"type":"binary-expr","locations":[{"start":{"line":225,"column":25},"end":{"line":225,"column":40}},{"start":{"line":225,"column":44},"end":{"line":225,"column":46}}]},"37":{"loc":{"start":{"line":226,"column":12},"end":{"line":226,"column":29}},"type":"binary-expr","locations":[{"start":{"line":226,"column":12},"end":{"line":226,"column":23}},{"start":{"line":226,"column":27},"end":{"line":226,"column":29}}]},"38":{"loc":{"start":{"line":227,"column":16},"end":{"line":227,"column":39}},"type":"binary-expr","locations":[{"start":{"line":227,"column":16},"end":{"line":227,"column":31}},{"start":{"line":227,"column":35},"end":{"line":227,"column":39}}]},"39":{"loc":{"start":{"line":238,"column":23},"end":{"line":238,"column":67}},"type":"binary-expr","locations":[{"start":{"line":238,"column":23},"end":{"line":238,"column":34}},{"start":{"line":238,"column":38},"end":{"line":238,"column":55}},{"start":{"line":238,"column":59},"end":{"line":238,"column":67}}]},"40":{"loc":{"start":{"line":239,"column":4},"end":{"line":241,"column":5}},"type":"if","locations":[{"start":{"line":239,"column":4},"end":{"line":241,"column":5}}]},"41":{"loc":{"start":{"line":243,"column":18},"end":{"line":243,"column":36}},"type":"binary-expr","locations":[{"start":{"line":243,"column":18},"end":{"line":243,"column":30}},{"start":{"line":243,"column":34},"end":{"line":243,"column":36}}]},"42":{"loc":{"start":{"line":244,"column":4},"end":{"line":246,"column":5}},"type":"if","locations":[{"start":{"line":244,"column":4},"end":{"line":246,"column":5}}]},"43":{"loc":{"start":{"line":248,"column":4},"end":{"line":250,"column":5}},"type":"if","locations":[{"start":{"line":248,"column":4},"end":{"line":250,"column":5}}]},"44":{"loc":{"start":{"line":252,"column":4},"end":{"line":254,"column":5}},"type":"if","locations":[{"start":{"line":252,"column":4},"end":{"line":254,"column":5}}]},"45":{"loc":{"start":{"line":252,"column":8},"end":{"line":252,"column":75}},"type":"binary-expr","locations":[{"start":{"line":252,"column":8},"end":{"line":252,"column":23}},{"start":{"line":252,"column":27},"end":{"line":252,"column":40}},{"start":{"line":252,"column":44},"end":{"line":252,"column":75}}]},"46":{"loc":{"start":{"line":257,"column":61},"end":{"line":257,"column":74}},"type":"binary-expr","locations":[{"start":{"line":257,"column":61},"end":{"line":257,"column":66}},{"start":{"line":257,"column":70},"end":{"line":257,"column":74}}]},"47":{"loc":{"start":{"line":258,"column":6},"end":{"line":258,"column":55}},"type":"if","locations":[{"start":{"line":258,"column":6},"end":{"line":258,"column":55}}]},"48":{"loc":{"start":{"line":286,"column":45},"end":{"line":286,"column":76}},"type":"default-arg","locations":[{"start":{"line":286,"column":74},"end":{"line":286,"column":76}}]},"49":{"loc":{"start":{"line":289,"column":18},"end":{"line":289,"column":36}},"type":"binary-expr","locations":[{"start":{"line":289,"column":18},"end":{"line":289,"column":30}},{"start":{"line":289,"column":34},"end":{"line":289,"column":36}}]},"50":{"loc":{"start":{"line":290,"column":4},"end":{"line":292,"column":5}},"type":"if","locations":[{"start":{"line":290,"column":4},"end":{"line":292,"column":5}}]},"51":{"loc":{"start":{"line":298,"column":11},"end":{"line":298,"column":75}},"type":"cond-expr","locations":[{"start":{"line":298,"column":43},"end":{"line":298,"column":70}},{"start":{"line":298,"column":73},"end":{"line":298,"column":75}}]},"52":{"loc":{"start":{"line":332,"column":11},"end":{"line":332,"column":88}},"type":"cond-expr","locations":[{"start":{"line":332,"column":46},"end":{"line":332,"column":83}},{"start":{"line":332,"column":86},"end":{"line":332,"column":88}}]},"53":{"loc":{"start":{"line":380,"column":15},"end":{"line":380,"column":40}},"type":"default-arg","locations":[{"start":{"line":380,"column":38},"end":{"line":380,"column":40}}]},"54":{"loc":{"start":{"line":381,"column":19},"end":{"line":381,"column":42}},"type":"binary-expr","locations":[{"start":{"line":381,"column":19},"end":{"line":381,"column":32}},{"start":{"line":381,"column":36},"end":{"line":381,"column":42}}]},"55":{"loc":{"start":{"line":385,"column":14},"end":{"line":385,"column":64}},"type":"cond-expr","locations":[{"start":{"line":385,"column":33},"end":{"line":385,"column":43}},{"start":{"line":385,"column":46},"end":{"line":385,"column":64}}]},"56":{"loc":{"start":{"line":388,"column":4},"end":{"line":390,"column":5}},"type":"if","locations":[{"start":{"line":388,"column":4},"end":{"line":390,"column":5}}]},"57":{"loc":{"start":{"line":393,"column":33},"end":{"line":393,"column":70}},"type":"cond-expr","locations":[{"start":{"line":393,"column":55},"end":{"line":393,"column":58}},{"start":{"line":393,"column":61},"end":{"line":393,"column":70}}]},"58":{"loc":{"start":{"line":395,"column":4},"end":{"line":401,"column":5}},"type":"if","locations":[{"start":{"line":395,"column":4},"end":{"line":401,"column":5}}]},"59":{"loc":{"start":{"line":397,"column":6},"end":{"line":399,"column":7}},"type":"if","locations":[{"start":{"line":397,"column":6},"end":{"line":399,"column":7}}]},"60":{"loc":{"start":{"line":409,"column":21},"end":{"line":409,"column":44}},"type":"binary-expr","locations":[{"start":{"line":409,"column":21},"end":{"line":409,"column":34}},{"start":{"line":409,"column":38},"end":{"line":409,"column":44}}]},"61":{"loc":{"start":{"line":410,"column":4},"end":{"line":410,"column":76}},"type":"if","locations":[{"start":{"line":410,"column":4},"end":{"line":410,"column":76}}]},"62":{"loc":{"start":{"line":411,"column":4},"end":{"line":411,"column":70}},"type":"if","locations":[{"start":{"line":411,"column":4},"end":{"line":411,"column":70}}]},"63":{"loc":{"start":{"line":412,"column":4},"end":{"line":412,"column":65}},"type":"if","locations":[{"start":{"line":412,"column":4},"end":{"line":412,"column":65}}]},"64":{"loc":{"start":{"line":413,"column":4},"end":{"line":413,"column":65}},"type":"if","locations":[{"start":{"line":413,"column":4},"end":{"line":413,"column":65}}]},"65":{"loc":{"start":{"line":422,"column":4},"end":{"line":424,"column":5}},"type":"if","locations":[{"start":{"line":422,"column":4},"end":{"line":424,"column":5}}]},"66":{"loc":{"start":{"line":422,"column":8},"end":{"line":422,"column":38}},"type":"binary-expr","locations":[{"start":{"line":422,"column":8},"end":{"line":422,"column":20}},{"start":{"line":422,"column":24},"end":{"line":422,"column":38}}]},"67":{"loc":{"start":{"line":436,"column":8},"end":{"line":436,"column":24}},"type":"if","locations":[{"start":{"line":436,"column":8},"end":{"line":436,"column":24}}]},"68":{"loc":{"start":{"line":440,"column":10},"end":{"line":440,"column":70}},"type":"if","locations":[{"start":{"line":440,"column":10},"end":{"line":440,"column":70}}]},"69":{"loc":{"start":{"line":441,"column":10},"end":{"line":441,"column":79}},"type":"if","locations":[{"start":{"line":441,"column":10},"end":{"line":441,"column":79}}]},"70":{"loc":{"start":{"line":441,"column":14},"end":{"line":441,"column":34}},"type":"binary-expr","locations":[{"start":{"line":441,"column":14},"end":{"line":441,"column":25}},{"start":{"line":441,"column":29},"end":{"line":441,"column":34}}]},"71":{"loc":{"start":{"line":442,"column":10},"end":{"line":442,"column":41}},"type":"if","locations":[{"start":{"line":442,"column":10},"end":{"line":442,"column":41}}]},"72":{"loc":{"start":{"line":443,"column":10},"end":{"line":446,"column":11}},"type":"if","locations":[{"start":{"line":443,"column":10},"end":{"line":446,"column":11}}]},"73":{"loc":{"start":{"line":444,"column":12},"end":{"line":445,"column":44}},"type":"if","locations":[{"start":{"line":444,"column":12},"end":{"line":445,"column":44}},{"start":{"line":445,"column":17},"end":{"line":445,"column":44}}]},"74":{"loc":{"start":{"line":445,"column":17},"end":{"line":445,"column":44}},"type":"if","locations":[{"start":{"line":445,"column":17},"end":{"line":445,"column":44}}]},"75":{"loc":{"start":{"line":449,"column":10},"end":{"line":455,"column":11}},"type":"if","locations":[{"start":{"line":449,"column":10},"end":{"line":455,"column":11}}]},"76":{"loc":{"start":{"line":449,"column":14},"end":{"line":449,"column":55}},"type":"binary-expr","locations":[{"start":{"line":449,"column":14},"end":{"line":449,"column":25}},{"start":{"line":449,"column":29},"end":{"line":449,"column":55}}]},"77":{"loc":{"start":{"line":451,"column":12},"end":{"line":453,"column":13}},"type":"if","locations":[{"start":{"line":451,"column":12},"end":{"line":453,"column":13}}]},"78":{"loc":{"start":{"line":469,"column":4},"end":{"line":471,"column":5}},"type":"if","locations":[{"start":{"line":469,"column":4},"end":{"line":471,"column":5}}]},"79":{"loc":{"start":{"line":469,"column":8},"end":{"line":469,"column":31}},"type":"binary-expr","locations":[{"start":{"line":469,"column":8},"end":{"line":469,"column":14}},{"start":{"line":469,"column":18},"end":{"line":469,"column":31}}]},"80":{"loc":{"start":{"line":475,"column":4},"end":{"line":477,"column":5}},"type":"if","locations":[{"start":{"line":475,"column":4},"end":{"line":477,"column":5}}]},"81":{"loc":{"start":{"line":478,"column":4},"end":{"line":480,"column":5}},"type":"if","locations":[{"start":{"line":478,"column":4},"end":{"line":480,"column":5}}]}},"s":{"0":2,"1":2,"2":2,"3":10,"4":10,"5":1,"6":1,"7":0,"8":1,"9":1,"10":0,"11":0,"12":1,"13":1,"14":1,"15":1,"16":0,"17":1,"18":1,"19":1,"20":1,"21":1,"22":1,"23":1,"24":0,"25":1,"26":1,"27":1,"28":11,"29":11,"30":1,"31":10,"32":10,"33":3,"34":1,"35":3,"36":3,"37":2,"38":2,"39":1,"40":1,"41":3,"42":3,"43":3,"44":1,"45":1,"46":1,"47":1,"48":1,"49":1,"50":1,"51":1,"52":2,"53":2,"54":2,"55":2,"56":1,"57":2,"58":2,"59":5,"60":5,"61":5,"62":1,"63":4,"64":4,"65":1,"66":3,"67":1,"68":3,"69":1,"70":2,"71":0,"72":0,"73":0,"74":0,"75":2,"76":2,"77":2,"78":2,"79":2,"80":1,"81":1,"82":1,"83":1,"84":1,"85":1,"86":1,"87":1,"88":1,"89":1,"90":1,"91":1,"92":1,"93":1,"94":1,"95":1,"96":1,"97":0,"98":0,"99":0,"100":0,"101":0,"102":0,"103":0,"104":0,"105":0,"106":0,"107":0,"108":0,"109":0,"110":0,"111":0,"112":0,"113":0,"114":0,"115":0,"116":0,"117":0,"118":0,"119":0,"120":0,"121":0,"122":0,"123":0,"124":0,"125":0,"126":0,"127":0,"128":0,"129":0,"130":0,"131":0,"132":0,"133":0,"134":0,"135":0,"136":0,"137":0,"138":0,"139":0,"140":0,"141":0,"142":0,"143":0,"144":0,"145":0,"146":0,"147":0,"148":0,"149":0,"150":0,"151":0,"152":0,"153":0,"154":0,"155":0,"156":0,"157":0,"158":0,"159":0,"160":1,"161":1,"162":30,"163":0,"164":3,"165":1,"166":2,"167":1,"168":2},"f":{"0":10,"1":1,"2":1,"3":0,"4":1,"5":1,"6":1,"7":1,"8":1,"9":11,"10":3,"11":3,"12":3,"13":1,"14":1,"15":2,"16":5,"17":0,"18":2,"19":1,"20":1,"21":1,"22":1,"23":1,"24":1,"25":0,"26":0,"27":0,"28":1,"29":30,"30":3},"b":{"0":[0],"1":[1,1],"2":[1],"3":[0],"4":[1,1],"5":[1],"6":[0],"7":[1],"8":[11,1],"9":[1],"10":[3,2],"11":[0,3],"12":[1],"13":[2,1],"14":[1,0],"15":[1,0],"16":[1,0],"17":[1,0],"18":[1,0],"19":[1],"20":[3,2],"21":[3,2],"22":[1,0],"23":[1,0],"24":[1,0],"25":[1,1],"26":[1,0],"27":[1,0],"28":[1,1],"29":[2,1],"30":[1],"31":[2,1],"32":[2,1],"33":[0,2],"34":[2,0],"35":[2,1],"36":[2,0],"37":[2,1],"38":[2,1],"39":[5,5,3],"40":[1],"41":[4,2],"42":[1],"43":[1],"44":[1],"45":[3,2,2],"46":[0,0],"47":[0],"48":[1],"49":[2,1],"50":[1],"51":[1,0],"52":[1,0],"53":[0],"54":[0,0],"55":[0,0],"56":[0],"57":[0,0],"58":[0],"59":[0],"60":[0,0],"61":[0],"62":[0],"63":[0],"64":[0],"65":[0],"66":[0,0],"67":[0],"68":[0],"69":[0],"70":[0,0],"71":[0],"72":[0],"73":[0,0],"74":[0],"75":[0],"76":[0,0],"77":[0],"78":[0],"79":[30,30],"80":[1],"81":[1]}}
,"C:\\Users\\DELL\\Projects\\remembr\\sdk\\typescript\\src\\errors.ts": {"path":"C:\\Users\\DELL\\Projects\\remembr\\sdk\\typescript\\src\\errors.ts","statementMap":{"0":{"start":{"line":16,"column":4},"end":{"line":16,"column":19}},"1":{"start":{"line":17,"column":4},"end":{"line":17,"column":31}},"2":{"start":{"line":18,"column":4},"end":{"line":18,"column":29}},"3":{"start":{"line":19,"column":4},"end":{"line":19,"column":41}},"4":{"start":{"line":20,"column":4},"end":{"line":20,"column":35}},"5":{"start":{"line":21,"column":4},"end":{"line":21,"column":39}},"6":{"start":{"line":1,"column":0},"end":{"line":1,"column":13}},"7":{"start":{"line":27,"column":4},"end":{"line":27,"column":28}},"8":{"start":{"line":28,"column":4},"end":{"line":28,"column":38}},"9":{"start":{"line":25,"column":0},"end":{"line":25,"column":13}},"10":{"start":{"line":34,"column":4},"end":{"line":34,"column":28}},"11":{"start":{"line":35,"column":4},"end":{"line":35,"column":32}},"12":{"start":{"line":32,"column":0},"end":{"line":32,"column":13}},"13":{"start":{"line":41,"column":4},"end":{"line":41,"column":28}},"14":{"start":{"line":42,"column":4},"end":{"line":42,"column":33}},"15":{"start":{"line":39,"column":0},"end":{"line":39,"column":13}},"16":{"start":{"line":48,"column":4},"end":{"line":48,"column":28}},"17":{"start":{"line":49,"column":4},"end":{"line":49,"column":30}},"18":{"start":{"line":46,"column":0},"end":{"line":46,"column":13}}},"fnMap":{"0":{"name":"(anonymous_0)","decl":{"start":{"line":7,"column":2},"end":{"line":7,"column":null}},"loc":{"start":{"line":14,"column":10},"end":{"line":22,"column":3}}},"1":{"name":"(anonymous_1)","decl":{"start":{"line":26,"column":2},"end":{"line":26,"column":14}},"loc":{"start":{"line":26,"column":90},"end":{"line":29,"column":3}}},"2":{"name":"(anonymous_2)","decl":{"start":{"line":33,"column":2},"end":{"line":33,"column":14}},"loc":{"start":{"line":33,"column":90},"end":{"line":36,"column":3}}},"3":{"name":"(anonymous_3)","decl":{"start":{"line":40,"column":2},"end":{"line":40,"column":14}},"loc":{"start":{"line":40,"column":90},"end":{"line":43,"column":3}}},"4":{"name":"(anonymous_4)","decl":{"start":{"line":47,"column":2},"end":{"line":47,"column":14}},"loc":{"start":{"line":47,"column":90},"end":{"line":50,"column":3}}}},"branchMap":{"0":{"loc":{"start":{"line":9,"column":4},"end":{"line":14,"column":10}},"type":"default-arg","locations":[{"start":{"line":14,"column":8},"end":{"line":14,"column":10}}]},"1":{"loc":{"start":{"line":26,"column":31},"end":{"line":26,"column":90}},"type":"default-arg","locations":[{"start":{"line":26,"column":88},"end":{"line":26,"column":90}}]},"2":{"loc":{"start":{"line":33,"column":31},"end":{"line":33,"column":90}},"type":"default-arg","locations":[{"start":{"line":33,"column":88},"end":{"line":33,"column":90}}]},"3":{"loc":{"start":{"line":40,"column":31},"end":{"line":40,"column":90}},"type":"default-arg","locations":[{"start":{"line":40,"column":88},"end":{"line":40,"column":90}}]},"4":{"loc":{"start":{"line":47,"column":31},"end":{"line":47,"column":90}},"type":"default-arg","locations":[{"start":{"line":47,"column":88},"end":{"line":47,"column":90}}]}},"s":{"0":24,"1":24,"2":24,"3":24,"4":24,"5":24,"6":2,"7":4,"8":4,"9":2,"10":2,"11":2,"12":2,"13":8,"14":8,"15":2,"16":9,"17":9,"18":2},"f":{"0":24,"1":4,"2":2,"3":8,"4":9},"b":{"0":[0],"1":[1],"2":[0],"3":[0],"4":[1]}}
,"C:\\Users\\DELL\\Projects\\remembr\\sdk\\typescript\\src\\http.ts": {"path":"C:\\Users\\DELL\\Projects\\remembr\\sdk\\typescript\\src\\http.ts","statementMap":{"0":{"start":{"line":1,"column":0},"end":{"line":1,"column":null}},"1":{"start":{"line":10,"column":25},"end":{"line":10,"column":55}},"2":{"start":{"line":11,"column":27},"end":{"line":11,"column":33}},"3":{"start":{"line":12,"column":21},"end":{"line":12,"column":22}},"4":{"start":{"line":20,"column":4},"end":{"line":20,"column":32}},"5":{"start":{"line":21,"column":4},"end":{"line":21,"column":76}},"6":{"start":{"line":22,"column":4},"end":{"line":22,"column":56}},"7":{"start":{"line":36,"column":4},"end":{"line":81,"column":5}},"8":{"start":{"line":36,"column":23},"end":{"line":36,"column":24}},"9":{"start":{"line":37,"column":6},"end":{"line":80,"column":7}},"10":{"start":{"line":38,"column":25},"end":{"line":38,"column":75}},"11":{"start":{"line":40,"column":8},"end":{"line":47,"column":9}},"12":{"start":{"line":41,"column":29},"end":{"line":41,"column":57}},"13":{"start":{"line":42,"column":10},"end":{"line":45,"column":11}},"14":{"start":{"line":43,"column":12},"end":{"line":43,"column":54}},"15":{"start":{"line":44,"column":12},"end":{"line":44,"column":21}},"16":{"start":{"line":46,"column":10},"end":{"line":46,"column":27}},"17":{"start":{"line":49,"column":8},"end":{"line":51,"column":9}},"18":{"start":{"line":50,"column":10},"end":{"line":50,"column":45}},"19":{"start":{"line":53,"column":25},"end":{"line":53,"column":55}},"20":{"start":{"line":54,"column":8},"end":{"line":56,"column":9}},"21":{"start":{"line":55,"column":10},"end":{"line":55,"column":35}},"22":{"start":{"line":57,"column":8},"end":{"line":57,"column":28}},"23":{"start":{"line":59,"column":8},"end":{"line":59,"column":26}},"24":{"start":{"line":61,"column":8},"end":{"line":71,"column":9}},"25":{"start":{"line":62,"column":10},"end":{"line":65,"column":11}},"26":{"start":{"line":63,"column":12},"end":{"line":63,"column":54}},"27":{"start":{"line":64,"column":12},"end":{"line":64,"column":21}},"28":{"start":{"line":67,"column":10},"end":{"line":69,"column":11}},"29":{"start":{"line":68,"column":12},"end":{"line":68,"column":92}},"30":{"start":{"line":70,"column":10},"end":{"line":70,"column":78}},"31":{"start":{"line":73,"column":8},"end":{"line":75,"column":9}},"32":{"start":{"line":74,"column":10},"end":{"line":74,"column":22}},"33":{"start":{"line":77,"column":8},"end":{"line":79,"column":9}},"34":{"start":{"line":78,"column":10},"end":{"line":78,"column":78}},"35":{"start":{"line":83,"column":4},"end":{"line":85,"column":5}},"36":{"start":{"line":84,"column":6},"end":{"line":84,"column":22}},"37":{"start":{"line":86,"column":4},"end":{"line":86,"column":72}},"38":{"start":{"line":98,"column":23},"end":{"line":98,"column":44}},"39":{"start":{"line":99,"column":22},"end":{"line":99,"column":72}},"40":{"start":{"line":99,"column":39},"end":{"line":99,"column":57}},"41":{"start":{"line":101,"column":4},"end":{"line":119,"column":5}},"42":{"start":{"line":102,"column":46},"end":{"line":106,"column":8}},"43":{"start":{"line":107,"column":6},"end":{"line":109,"column":7}},"44":{"start":{"line":108,"column":8},"end":{"line":108,"column":56}},"45":{"start":{"line":111,"column":6},"end":{"line":116,"column":9}},"46":{"start":{"line":118,"column":6},"end":{"line":118,"column":30}},"47":{"start":{"line":123,"column":16},"end":{"line":123,"column":85}},"48":{"start":{"line":124,"column":4},"end":{"line":130,"column":5}},"49":{"start":{"line":125,"column":6},"end":{"line":129,"column":9}},"50":{"start":{"line":126,"column":8},"end":{"line":128,"column":9}},"51":{"start":{"line":127,"column":10},"end":{"line":127,"column":51}},"52":{"start":{"line":131,"column":4},"end":{"line":131,"column":26}},"53":{"start":{"line":135,"column":4},"end":{"line":141,"column":5}},"54":{"start":{"line":136,"column":6},"end":{"line":136,"column":35}},"55":{"start":{"line":138,"column":6},"end":{"line":140,"column":9}},"56":{"start":{"line":145,"column":18},"end":{"line":145,"column":83}},"57":{"start":{"line":150,"column":4},"end":{"line":169,"column":5}},"58":{"start":{"line":151,"column":23},"end":{"line":151,"column":44}},"59":{"start":{"line":152,"column":20},"end":{"line":152,"column":73}},"60":{"start":{"line":153,"column":6},"end":{"line":166,"column":7}},"61":{"start":{"line":154,"column":8},"end":{"line":156,"column":9}},"62":{"start":{"line":155,"column":10},"end":{"line":155,"column":34}},"63":{"start":{"line":157,"column":8},"end":{"line":159,"column":9}},"64":{"start":{"line":158,"column":10},"end":{"line":158,"column":28}},"65":{"start":{"line":160,"column":8},"end":{"line":162,"column":9}},"66":{"start":{"line":161,"column":10},"end":{"line":161,"column":61}},"67":{"start":{"line":163,"column":8},"end":{"line":165,"column":9}},"68":{"start":{"line":164,"column":10},"end":{"line":164,"column":39}},"69":{"start":{"line":171,"column":20},"end":{"line":171,"column":77}},"70":{"start":{"line":173,"column":4},"end":{"line":175,"column":5}},"71":{"start":{"line":174,"column":6},"end":{"line":174,"column":55}},"72":{"start":{"line":176,"column":4},"end":{"line":178,"column":5}},"73":{"start":{"line":177,"column":6},"end":{"line":177,"column":49}},"74":{"start":{"line":179,"column":4},"end":{"line":181,"column":5}},"75":{"start":{"line":180,"column":6},"end":{"line":180,"column":50}},"76":{"start":{"line":182,"column":4},"end":{"line":184,"column":5}},"77":{"start":{"line":183,"column":6},"end":{"line":183,"column":47}},"78":{"start":{"line":185,"column":4},"end":{"line":185,"column":46}},"79":{"start":{"line":189,"column":4},"end":{"line":189,"column":50}},"80":{"start":{"line":193,"column":4},"end":{"line":193,"column":61}},"81":{"start":{"line":193,"column":36},"end":{"line":193,"column":59}},"82":{"start":{"line":197,"column":4},"end":{"line":197,"column":72}},"83":{"start":{"line":14,"column":0},"end":{"line":14,"column":13}}},"fnMap":{"0":{"name":"(anonymous_0)","decl":{"start":{"line":19,"column":2},"end":{"line":19,"column":14}},"loc":{"start":{"line":19,"column":40},"end":{"line":23,"column":3}}},"1":{"name":"(anonymous_1)","decl":{"start":{"line":25,"column":2},"end":{"line":25,"column":7}},"loc":{"start":{"line":32,"column":10},"end":{"line":87,"column":3}}},"2":{"name":"(anonymous_2)","decl":{"start":{"line":89,"column":10},"end":{"line":89,"column":15}},"loc":{"start":{"line":96,"column":5},"end":{"line":120,"column":3}}},"3":{"name":"(anonymous_3)","decl":{"start":{"line":99,"column":33},"end":{"line":99,"column":36}},"loc":{"start":{"line":99,"column":39},"end":{"line":99,"column":57}}},"4":{"name":"(anonymous_4)","decl":{"start":{"line":122,"column":10},"end":{"line":122,"column":18}},"loc":{"start":{"line":122,"column":102},"end":{"line":132,"column":3}}},"5":{"name":"(anonymous_5)","decl":{"start":{"line":125,"column":37},"end":{"line":125,"column":38}},"loc":{"start":{"line":125,"column":54},"end":{"line":129,"column":7}}},"6":{"name":"(anonymous_6)","decl":{"start":{"line":134,"column":10},"end":{"line":134,"column":15}},"loc":{"start":{"line":134,"column":44},"end":{"line":142,"column":3}}},"7":{"name":"(anonymous_7)","decl":{"start":{"line":144,"column":10},"end":{"line":144,"column":15}},"loc":{"start":{"line":144,"column":42},"end":{"line":186,"column":3}}},"8":{"name":"(anonymous_8)","decl":{"start":{"line":188,"column":10},"end":{"line":188,"column":19}},"loc":{"start":{"line":188,"column":35},"end":{"line":190,"column":3}}},"9":{"name":"(anonymous_9)","decl":{"start":{"line":192,"column":10},"end":{"line":192,"column":15}},"loc":{"start":{"line":192,"column":26},"end":{"line":194,"column":3}}},"10":{"name":"(anonymous_10)","decl":{"start":{"line":193,"column":23},"end":{"line":193,"column":24}},"loc":{"start":{"line":193,"column":36},"end":{"line":193,"column":59}}},"11":{"name":"(anonymous_11)","decl":{"start":{"line":196,"column":10},"end":{"line":196,"column":22}},"loc":{"start":{"line":196,"column":37},"end":{"line":198,"column":3}}}},"branchMap":{"0":{"loc":{"start":{"line":19,"column":14},"end":{"line":19,"column":40}},"type":"default-arg","locations":[{"start":{"line":19,"column":38},"end":{"line":19,"column":40}}]},"1":{"loc":{"start":{"line":21,"column":20},"end":{"line":21,"column":54}},"type":"binary-expr","locations":[{"start":{"line":21,"column":20},"end":{"line":21,"column":34}},{"start":{"line":21,"column":38},"end":{"line":21,"column":54}}]},"2":{"loc":{"start":{"line":22,"column":19},"end":{"line":22,"column":55}},"type":"binary-expr","locations":[{"start":{"line":22,"column":19},"end":{"line":22,"column":33}},{"start":{"line":22,"column":37},"end":{"line":22,"column":55}}]},"3":{"loc":{"start":{"line":28,"column":4},"end":{"line":32,"column":10}},"type":"default-arg","locations":[{"start":{"line":32,"column":8},"end":{"line":32,"column":10}}]},"4":{"loc":{"start":{"line":40,"column":8},"end":{"line":47,"column":9}},"type":"if","locations":[{"start":{"line":40,"column":8},"end":{"line":47,"column":9}}]},"5":{"loc":{"start":{"line":40,"column":12},"end":{"line":40,"column":89}},"type":"binary-expr","locations":[{"start":{"line":40,"column":12},"end":{"line":40,"column":35}},{"start":{"line":40,"column":40},"end":{"line":40,"column":62}},{"start":{"line":40,"column":66},"end":{"line":40,"column":88}}]},"6":{"loc":{"start":{"line":42,"column":10},"end":{"line":45,"column":11}},"type":"if","locations":[{"start":{"line":42,"column":10},"end":{"line":45,"column":11}}]},"7":{"loc":{"start":{"line":49,"column":8},"end":{"line":51,"column":9}},"type":"if","locations":[{"start":{"line":49,"column":8},"end":{"line":51,"column":9}}]},"8":{"loc":{"start":{"line":54,"column":8},"end":{"line":56,"column":9}},"type":"if","locations":[{"start":{"line":54,"column":8},"end":{"line":56,"column":9}}]},"9":{"loc":{"start":{"line":54,"column":12},"end":{"line":54,"column":71}},"type":"binary-expr","locations":[{"start":{"line":54,"column":12},"end":{"line":54,"column":19}},{"start":{"line":54,"column":23},"end":{"line":54,"column":50}},{"start":{"line":54,"column":54},"end":{"line":54,"column":71}}]},"10":{"loc":{"start":{"line":61,"column":8},"end":{"line":71,"column":9}},"type":"if","locations":[{"start":{"line":61,"column":8},"end":{"line":71,"column":9}}]},"11":{"loc":{"start":{"line":61,"column":12},"end":{"line":61,"column":66}},"type":"binary-expr","locations":[{"start":{"line":61,"column":12},"end":{"line":61,"column":36}},{"start":{"line":61,"column":40},"end":{"line":61,"column":66}}]},"12":{"loc":{"start":{"line":62,"column":10},"end":{"line":65,"column":11}},"type":"if","locations":[{"start":{"line":62,"column":10},"end":{"line":65,"column":11}}]},"13":{"loc":{"start":{"line":67,"column":10},"end":{"line":69,"column":11}},"type":"if","locations":[{"start":{"line":67,"column":10},"end":{"line":69,"column":11}}]},"14":{"loc":{"start":{"line":73,"column":8},"end":{"line":75,"column":9}},"type":"if","locations":[{"start":{"line":73,"column":8},"end":{"line":75,"column":9}}]},"15":{"loc":{"start":{"line":77,"column":8},"end":{"line":79,"column":9}},"type":"if","locations":[{"start":{"line":77,"column":8},"end":{"line":79,"column":9}}]},"16":{"loc":{"start":{"line":83,"column":4},"end":{"line":85,"column":5}},"type":"if","locations":[{"start":{"line":83,"column":4},"end":{"line":85,"column":5}}]},"17":{"loc":{"start":{"line":107,"column":6},"end":{"line":109,"column":7}},"type":"if","locations":[{"start":{"line":107,"column":6},"end":{"line":109,"column":7}}]},"18":{"loc":{"start":{"line":114,"column":14},"end":{"line":114,"column":69}},"type":"cond-expr","locations":[{"start":{"line":114,"column":29},"end":{"line":114,"column":57}},{"start":{"line":114,"column":60},"end":{"line":114,"column":69}}]},"19":{"loc":{"start":{"line":123,"column":42},"end":{"line":123,"column":82}},"type":"cond-expr","locations":[{"start":{"line":123,"column":65},"end":{"line":123,"column":69}},{"start":{"line":123,"column":72},"end":{"line":123,"column":82}}]},"20":{"loc":{"start":{"line":124,"column":4},"end":{"line":130,"column":5}},"type":"if","locations":[{"start":{"line":124,"column":4},"end":{"line":130,"column":5}}]},"21":{"loc":{"start":{"line":126,"column":8},"end":{"line":128,"column":9}},"type":"if","locations":[{"start":{"line":126,"column":8},"end":{"line":128,"column":9}}]},"22":{"loc":{"start":{"line":126,"column":12},"end":{"line":126,"column":49}},"type":"binary-expr","locations":[{"start":{"line":126,"column":12},"end":{"line":126,"column":31}},{"start":{"line":126,"column":35},"end":{"line":126,"column":49}}]},"23":{"loc":{"start":{"line":153,"column":6},"end":{"line":166,"column":7}},"type":"if","locations":[{"start":{"line":153,"column":6},"end":{"line":166,"column":7}}]},"24":{"loc":{"start":{"line":153,"column":10},"end":{"line":153,"column":44}},"type":"binary-expr","locations":[{"start":{"line":153,"column":10},"end":{"line":153,"column":15}},{"start":{"line":153,"column":19},"end":{"line":153,"column":44}}]},"25":{"loc":{"start":{"line":154,"column":8},"end":{"line":156,"column":9}},"type":"if","locations":[{"start":{"line":154,"column":8},"end":{"line":156,"column":9}}]},"26":{"loc":{"start":{"line":157,"column":8},"end":{"line":159,"column":9}},"type":"if","locations":[{"start":{"line":157,"column":8},"end":{"line":159,"column":9}}]},"27":{"loc":{"start":{"line":160,"column":8},"end":{"line":162,"column":9}},"type":"if","locations":[{"start":{"line":160,"column":8},"end":{"line":162,"column":9}}]},"28":{"loc":{"start":{"line":160,"column":12},"end":{"line":160,"column":62}},"type":"binary-expr","locations":[{"start":{"line":160,"column":12},"end":{"line":160,"column":25}},{"start":{"line":160,"column":29},"end":{"line":160,"column":62}}]},"29":{"loc":{"start":{"line":163,"column":8},"end":{"line":165,"column":9}},"type":"if","locations":[{"start":{"line":163,"column":8},"end":{"line":165,"column":9}}]},"30":{"loc":{"start":{"line":173,"column":4},"end":{"line":175,"column":5}},"type":"if","locations":[{"start":{"line":173,"column":4},"end":{"line":175,"column":5}}]},"31":{"loc":{"start":{"line":173,"column":8},"end":{"line":173,"column":58}},"type":"binary-expr","locations":[{"start":{"line":173,"column":8},"end":{"line":173,"column":31}},{"start":{"line":173,"column":35},"end":{"line":173,"column":58}}]},"32":{"loc":{"start":{"line":176,"column":4},"end":{"line":178,"column":5}},"type":"if","locations":[{"start":{"line":176,"column":4},"end":{"line":178,"column":5}}]},"33":{"loc":{"start":{"line":179,"column":4},"end":{"line":181,"column":5}},"type":"if","locations":[{"start":{"line":179,"column":4},"end":{"line":181,"column":5}}]},"34":{"loc":{"start":{"line":182,"column":4},"end":{"line":184,"column":5}},"type":"if","locations":[{"start":{"line":182,"column":4},"end":{"line":184,"column":5}}]},"35":{"loc":{"start":{"line":182,"column":8},"end":{"line":182,"column":56}},"type":"binary-expr","locations":[{"start":{"line":182,"column":8},"end":{"line":182,"column":30}},{"start":{"line":182,"column":34},"end":{"line":182,"column":56}}]},"36":{"loc":{"start":{"line":197,"column":11},"end":{"line":197,"column":71}},"type":"binary-expr","locations":[{"start":{"line":197,"column":11},"end":{"line":197,"column":40}},{"start":{"line":197,"column":44},"end":{"line":197,"column":71}}]}},"s":{"0":2,"1":2,"2":2,"3":2,"4":18,"5":18,"6":18,"7":33,"8":33,"9":48,"10":48,"11":44,"12":15,"13":15,"14":12,"15":12,"16":3,"17":29,"18":6,"19":23,"20":23,"21":23,"22":0,"23":13,"24":13,"25":4,"26":3,"27":3,"28":1,"29":1,"30":0,"31":9,"32":9,"33":0,"34":0,"35":0,"36":0,"37":0,"38":48,"39":48,"40":4,"41":48,"42":48,"43":48,"44":48,"45":48,"46":48,"47":48,"48":48,"49":3,"50":4,"51":4,"52":48,"53":23,"54":23,"55":0,"56":21,"57":21,"58":21,"59":21,"60":21,"61":21,"62":21,"63":21,"64":8,"65":21,"66":0,"67":21,"68":0,"69":21,"70":21,"71":3,"72":18,"73":2,"74":16,"75":8,"76":8,"77":7,"78":1,"79":15,"80":15,"81":15,"82":14,"83":2},"f":{"0":18,"1":33,"2":48,"3":4,"4":48,"5":4,"6":23,"7":21,"8":15,"9":15,"10":15,"11":14},"b":{"0":[0],"1":[18,18],"2":[18,17],"3":[20],"4":[15],"5":[44,36,7],"6":[12],"7":[6],"8":[23],"9":[23,23,23],"10":[4],"11":[13,9],"12":[3],"13":[1],"14":[9],"15":[0],"16":[0],"17":[48],"18":[13,35],"19":[48,0],"20":[3],"21":[4],"22":[4,4],"23":[21],"24":[21,21],"25":[21],"26":[8],"27":[0],"28":[21,0],"29":[0],"30":[3],"31":[21,19],"32":[2],"33":[8],"34":[7],"35":[8,7],"36":[14,5]}}
}
