TN:
SF:src\client.ts
FN:43,(anonymous_0)
FN:48,(anonymous_1)
FN:58,(anonymous_2)
FN:62,(anonymous_3)
FN:67,(anonymous_4)
FN:80,(anonymous_5)
FN:85,(anonymous_6)
FN:90,(anonymous_7)
FN:100,(anonymous_8)
FN:111,(anonymous_9)
FN:128,(anonymous_10)
FN:143,(anonymous_11)
FN:168,(anonymous_12)
FN:182,(anonymous_13)
FN:183,(anonymous_14)
FN:200,(anonymous_15)
FN:235,(anonymous_16)
FN:256,(anonymous_17)
FN:286,(anonymous_18)
FN:305,(anonymous_19)
FN:315,(anonymous_20)
FN:328,(anonymous_21)
FN:339,(anonymous_22)
FN:348,(anonymous_23)
FN:357,(anonymous_24)
FN:380,(anonymous_25)
FN:407,(anonymous_26)
FN:417,(anonymous_27)
FN:463,(anonymous_28)
FN:468,(anonymous_29)
FN:474,(anonymous_30)
FNF:31
FNH:26
FNDA:10,(anonymous_0)
FNDA:1,(anonymous_1)
FNDA:1,(anonymous_2)
FNDA:0,(anonymous_3)
FNDA:1,(anonymous_4)
FNDA:1,(anonymous_5)
FNDA:1,(anonymous_6)
FNDA:1,(anonymous_7)
FNDA:1,(anonymous_8)
FNDA:11,(anonymous_9)
FNDA:3,(anonymous_10)
FNDA:3,(anonymous_11)
FNDA:3,(anonymous_12)
FNDA:1,(anonymous_13)
FNDA:1,(anonymous_14)
FNDA:2,(anonymous_15)
FNDA:5,(anonymous_16)
FNDA:0,(anonymous_17)
FNDA:2,(anonymous_18)
FNDA:1,(anonymous_19)
FNDA:1,(anonymous_20)
FNDA:1,(anonymous_21)
FNDA:1,(anonymous_22)
FNDA:1,(anonymous_23)
FNDA:1,(anonymous_24)
FNDA:0,(anonymous_25)
FNDA:0,(anonymous_26)
FNDA:0,(anonymous_27)
FNDA:1,(anonymous_28)
FNDA:30,(anonymous_29)
FNDA:3,(anonymous_30)
DA:1,2
DA:2,2
DA:23,2
DA:44,10
DA:45,10
DA:49,1
DA:50,1
DA:51,0
DA:53,1
DA:59,1
DA:63,0
DA:64,0
DA:68,1
DA:69,1
DA:70,1
DA:72,1
DA:73,0
DA:75,1
DA:81,1
DA:82,1
DA:86,1
DA:87,1
DA:91,1
DA:92,1
DA:93,0
DA:95,1
DA:101,1
DA:102,1
DA:107,2
DA:112,11
DA:113,11
DA:114,1
DA:119,10
DA:120,10
DA:132,3
DA:136,1
DA:144,3
DA:146,3
DA:147,2
DA:149,2
DA:150,1
DA:153,1
DA:169,3
DA:170,3
DA:171,3
DA:173,1
DA:177,1
DA:178,1
DA:179,1
DA:181,1
DA:182,1
DA:184,1
DA:185,1
DA:201,2
DA:202,2
DA:203,2
DA:205,2
DA:206,1
DA:209,2
DA:220,2
DA:236,5
DA:238,5
DA:239,5
DA:240,1
DA:243,4
DA:244,4
DA:245,1
DA:248,3
DA:249,1
DA:252,3
DA:253,1
DA:256,2
DA:257,0
DA:258,0
DA:259,0
DA:262,2
DA:276,2
DA:287,2
DA:289,2
DA:290,2
DA:291,1
DA:294,1
DA:298,1
DA:306,1
DA:307,1
DA:316,1
DA:317,1
DA:319,1
DA:329,1
DA:331,1
DA:332,1
DA:340,1
DA:341,1
DA:349,1
DA:350,1
DA:358,1
DA:359,1
DA:381,0
DA:382,0
DA:384,0
DA:388,0
DA:389,0
DA:392,0
DA:393,0
DA:395,0
DA:396,0
DA:397,0
DA:398,0
DA:400,0
DA:404,0
DA:408,0
DA:409,0
DA:410,0
DA:411,0
DA:412,0
DA:413,0
DA:414,0
DA:421,0
DA:422,0
DA:423,0
DA:426,0
DA:427,0
DA:428,0
DA:429,0
DA:430,0
DA:431,0
DA:433,0
DA:434,0
DA:435,0
DA:436,0
DA:438,0
DA:439,0
DA:440,0
DA:441,0
DA:442,0
DA:443,0
DA:444,0
DA:445,0
DA:447,0
DA:449,0
DA:450,0
DA:451,0
DA:452,0
DA:454,0
DA:459,0
DA:464,1
DA:465,1
DA:469,30
DA:470,0
DA:475,3
DA:476,1
DA:478,2
DA:479,1
LF:153
LH:96
BRDA:50,0,0,0
BRDA:54,1,0,1
BRDA:54,1,1,1
BRDA:69,2,0,1
BRDA:72,3,0,0
BRDA:72,4,0,1
BRDA:72,4,1,1
BRDA:90,5,0,1
BRDA:92,6,0,0
BRDA:111,7,0,1
BRDA:112,8,0,11
BRDA:112,8,1,1
BRDA:113,9,0,1
BRDA:133,10,0,3
BRDA:133,10,1,2
BRDA:134,11,0,0
BRDA:134,11,1,3
BRDA:149,12,0,1
BRDA:149,13,0,2
BRDA:149,13,1,1
BRDA:154,14,0,1
BRDA:154,14,1,0
BRDA:155,15,0,1
BRDA:155,15,1,0
BRDA:156,16,0,1
BRDA:156,16,1,0
BRDA:157,17,0,1
BRDA:157,17,1,0
BRDA:158,18,0,1
BRDA:158,18,1,0
BRDA:168,19,0,1
BRDA:169,20,0,3
BRDA:169,20,1,2
BRDA:170,21,0,3
BRDA:170,21,1,2
BRDA:177,22,0,1
BRDA:177,22,1,0
BRDA:178,23,0,1
BRDA:178,23,1,0
BRDA:179,24,0,1
BRDA:179,24,1,0
BRDA:182,25,0,1
BRDA:182,25,1,1
BRDA:187,26,0,1
BRDA:187,26,1,0
BRDA:189,27,0,1
BRDA:189,27,1,0
BRDA:190,28,0,1
BRDA:190,28,1,1
BRDA:202,29,0,2
BRDA:202,29,1,1
BRDA:205,30,0,1
BRDA:214,31,0,2
BRDA:214,31,1,1
BRDA:215,32,0,2
BRDA:215,32,1,1
BRDA:217,33,0,0
BRDA:217,33,1,2
BRDA:221,34,0,2
BRDA:221,34,1,0
BRDA:222,35,0,2
BRDA:222,35,1,1
BRDA:225,36,0,2
BRDA:225,36,1,0
BRDA:226,37,0,2
BRDA:226,37,1,1
BRDA:227,38,0,2
BRDA:227,38,1,1
BRDA:238,39,0,5
BRDA:238,39,1,5
BRDA:238,39,2,3
BRDA:239,40,0,1
BRDA:243,41,0,4
BRDA:243,41,1,2
BRDA:244,42,0,1
BRDA:248,43,0,1
BRDA:252,44,0,1
BRDA:252,45,0,3
BRDA:252,45,1,2
BRDA:252,45,2,2
BRDA:257,46,0,0
BRDA:257,46,1,0
BRDA:258,47,0,0
BRDA:286,48,0,1
BRDA:289,49,0,2
BRDA:289,49,1,1
BRDA:290,50,0,1
BRDA:298,51,0,1
BRDA:298,51,1,0
BRDA:332,52,0,1
BRDA:332,52,1,0
BRDA:380,53,0,0
BRDA:381,54,0,0
BRDA:381,54,1,0
BRDA:385,55,0,0
BRDA:385,55,1,0
BRDA:388,56,0,0
BRDA:393,57,0,0
BRDA:393,57,1,0
BRDA:395,58,0,0
BRDA:397,59,0,0
BRDA:409,60,0,0
BRDA:409,60,1,0
BRDA:410,61,0,0
BRDA:411,62,0,0
BRDA:412,63,0,0
BRDA:413,64,0,0
BRDA:422,65,0,0
BRDA:422,66,0,0
BRDA:422,66,1,0
BRDA:436,67,0,0
BRDA:440,68,0,0
BRDA:441,69,0,0
BRDA:441,70,0,0
BRDA:441,70,1,0
BRDA:442,71,0,0
BRDA:443,72,0,0
BRDA:444,73,0,0
BRDA:444,73,1,0
BRDA:445,74,0,0
BRDA:449,75,0,0
BRDA:449,76,0,0
BRDA:449,76,1,0
BRDA:451,77,0,0
BRDA:469,78,0,0
BRDA:469,79,0,30
BRDA:469,79,1,30
BRDA:475,80,0,1
BRDA:478,81,0,1
BRF:129
BRH:73
end_of_record
TN:
SF:src\errors.ts
FN:7,(anonymous_0)
FN:26,(anonymous_1)
FN:33,(anonymous_2)
FN:40,(anonymous_3)
FN:47,(anonymous_4)
FNF:5
FNH:5
FNDA:24,(anonymous_0)
FNDA:4,(anonymous_1)
FNDA:2,(anonymous_2)
FNDA:8,(anonymous_3)
FNDA:9,(anonymous_4)
DA:1,2
DA:16,24
DA:17,24
DA:18,24
DA:19,24
DA:20,24
DA:21,24
DA:25,2
DA:27,4
DA:28,4
DA:32,2
DA:34,2
DA:35,2
DA:39,2
DA:41,8
DA:42,8
DA:46,2
DA:48,9
DA:49,9
LF:19
LH:19
BRDA:9,0,0,0
BRDA:26,1,0,1
BRDA:33,2,0,0
BRDA:40,3,0,0
BRDA:47,4,0,1
BRF:5
BRH:2
end_of_record
TN:
SF:src\http.ts
FN:19,(anonymous_0)
FN:25,(anonymous_1)
FN:89,(anonymous_2)
FN:99,(anonymous_3)
FN:122,(anonymous_4)
FN:125,(anonymous_5)
FN:134,(anonymous_6)
FN:144,(anonymous_7)
FN:188,(anonymous_8)
FN:192,(anonymous_9)
FN:193,(anonymous_10)
FN:196,(anonymous_11)
FNF:12
FNH:12
FNDA:18,(anonymous_0)
FNDA:33,(anonymous_1)
FNDA:48,(anonymous_2)
FNDA:4,(anonymous_3)
FNDA:48,(anonymous_4)
FNDA:4,(anonymous_5)
FNDA:23,(anonymous_6)
FNDA:21,(anonymous_7)
FNDA:15,(anonymous_8)
FNDA:15,(anonymous_9)
FNDA:15,(anonymous_10)
FNDA:14,(anonymous_11)
DA:1,2
DA:10,2
DA:11,2
DA:12,2
DA:14,2
DA:20,18
DA:21,18
DA:22,18
DA:36,33
DA:37,48
DA:38,48
DA:40,44
DA:41,15
DA:42,15
DA:43,12
DA:44,12
DA:46,3
DA:49,29
DA:50,6
DA:53,23
DA:54,23
DA:55,23
DA:57,0
DA:59,13
DA:61,13
DA:62,4
DA:63,3
DA:64,3
DA:67,1
DA:68,1
DA:70,0
DA:73,9
DA:74,9
DA:77,0
DA:78,0
DA:83,0
DA:84,0
DA:86,0
DA:98,48
DA:99,48
DA:101,48
DA:102,48
DA:107,48
DA:108,48
DA:111,48
DA:118,48
DA:123,48
DA:124,48
DA:125,3
DA:126,4
DA:127,4
DA:131,48
DA:135,23
DA:136,23
DA:138,0
DA:145,21
DA:150,21
DA:151,21
DA:152,21
DA:153,21
DA:154,21
DA:155,21
DA:157,21
DA:158,8
DA:160,21
DA:161,0
DA:163,21
DA:164,0
DA:171,21
DA:173,21
DA:174,3
DA:176,18
DA:177,2
DA:179,16
DA:180,8
DA:182,8
DA:183,7
DA:185,1
DA:189,15
DA:193,15
DA:197,14
LF:81
LH:71
BRDA:19,0,0,0
BRDA:21,1,0,18
BRDA:21,1,1,18
BRDA:22,2,0,18
BRDA:22,2,1,17
BRDA:28,3,0,20
BRDA:40,4,0,15
BRDA:40,5,0,44
BRDA:40,5,1,36
BRDA:40,5,2,7
BRDA:42,6,0,12
BRDA:49,7,0,6
BRDA:54,8,0,23
BRDA:54,9,0,23
BRDA:54,9,1,23
BRDA:54,9,2,23
BRDA:61,10,0,4
BRDA:61,11,0,13
BRDA:61,11,1,9
BRDA:62,12,0,3
BRDA:67,13,0,1
BRDA:73,14,0,9
BRDA:77,15,0,0
BRDA:83,16,0,0
BRDA:107,17,0,48
BRDA:114,18,0,13
BRDA:114,18,1,35
BRDA:123,19,0,48
BRDA:123,19,1,0
BRDA:124,20,0,3
BRDA:126,21,0,4
BRDA:126,22,0,4
BRDA:126,22,1,4
BRDA:153,23,0,21
BRDA:153,24,0,21
BRDA:153,24,1,21
BRDA:154,25,0,21
BRDA:157,26,0,8
BRDA:160,27,0,0
BRDA:160,28,0,21
BRDA:160,28,1,0
BRDA:163,29,0,0
BRDA:173,30,0,3
BRDA:173,31,0,21
BRDA:173,31,1,19
BRDA:176,32,0,2
BRDA:179,33,0,8
BRDA:182,34,0,7
BRDA:182,35,0,8
BRDA:182,35,1,7
BRDA:197,36,0,14
BRDA:197,36,1,5
BRF:52
BRH:45
end_of_record
